<?xml version="1.0" encoding="UTF-8"?>
<!-- Generated by org.testng.reporters.JUnitReportReporter -->
<testsuite skipped="0" hostname="hp" name="webdriver.Login" tests="1" failures="0" timestamp="24 Sep 2019 08:05:28 GMT" time="39.402" errors="0">
  <testcase name="t" time="39.402" classname="webdriver.Login"/>
</testsuite> <!-- webdriver.Login -->
